p/pos_9.jpg 1 0 0 50 50
p/pos_8.jpg 1 0 0 50 50
p/pos_7.jpg 1 0 0 50 50
p/pos_6.jpg 1 0 0 50 50
p/pos_5.jpg 1 0 0 50 50
p/pos_4.jpg 1 0 0 50 50
p/pos_36.jpg 1 0 0 50 50
p/pos_35.jpg 1 0 0 50 50
p/pos_34.jpg 1 0 0 50 50
p/pos_33.jpg 1 0 0 50 50
p/pos_32.jpg 1 0 0 50 50
p/pos_31.jpg 1 0 0 50 50
p/pos_30.jpg 1 0 0 50 50
p/pos_3.jpg 1 0 0 50 50
p/pos_29.jpg 1 0 0 50 50
p/pos_28.jpg 1 0 0 50 50
p/pos_27.jpg 1 0 0 50 50
p/pos_26.jpg 1 0 0 50 50
p/pos_25.jpg 1 0 0 50 50
p/pos_24.jpg 1 0 0 50 50
p/pos_23.jpg 1 0 0 50 50
p/pos_22.jpg 1 0 0 50 50
p/pos_21.jpg 1 0 0 50 50
p/pos_20.jpg 1 0 0 50 50
p/pos_2.jpg 1 0 0 50 50
p/pos_19.jpg 1 0 0 50 50
p/pos_18.jpg 1 0 0 50 50
p/pos_17.jpg 1 0 0 50 50
p/pos_16.jpg 1 0 0 50 50
p/pos_15.jpg 1 0 0 50 50
p/pos_14.jpg 1 0 0 50 50
p/pos_13.jpg 1 0 0 50 50
p/pos_12.jpg 1 0 0 50 50
p/pos_11.jpg 1 0 0 50 50
p/pos_10.jpg 1 0 0 50 50
p/pos_1.jpg 1 0 0 50 50
p/pos_0.jpg 1 0 0 50 50